0 info it worked if it ends with ok
1 verbose cli [ '/home/antony/app/node/bin/node',
1 verbose cli   '/home/antony/app/node/bin/npm',
1 verbose cli   'start' ]
2 info using npm@3.9.3
3 info using node@v6.2.1
4 verbose run-script [ 'prestart', 'start', 'poststart' ]
5 info lifecycle exercice3.3@1.0.0~prestart: exercice3.3@1.0.0
6 silly lifecycle exercice3.3@1.0.0~prestart: no script for prestart, continuing
7 info lifecycle exercice3.3@1.0.0~start: exercice3.3@1.0.0
8 verbose lifecycle exercice3.3@1.0.0~start: unsafe-perm in lifecycle true
9 verbose lifecycle exercice3.3@1.0.0~start: PATH: /home/antony/app/node/lib/node_modules/npm/bin/node-gyp-bin:/home/antony/Documents/udemydocker/exercice3.3/node_modules/.bin:/home/antony/app/node/bin:/usr/local/sbin:/usr/local/bin:/usr/sbin:/usr/bin:/sbin:/bin:/usr/games:/usr/local/games:/var/opt/jdk8/bin:/snap/bin:/snap/bin:/home/antony/Android/Sdk/platforms:/home/antony/Android/Sdk/platform-tools:/home/antony/Android/Sdk/tools:/home/antony/app/pycharm/bin:/home/antony/app/android-studio/bin:/home/antony/app/phpstorm/bin:/home/antony/app/node/bin:/home/antony/.config/composer/vendor/bin:/home/antony/app/redis/src:/home/antony/app/argouml:/home/antony/app/Wakfu:/home/antony/Android/Sdk/platforms:/home/antony/Android/Sdk/platform-tools:/home/antony/Android/Sdk/tools:/home/antony/app/pycharm/bin:/home/antony/app/android-studio/bin:/home/antony/app/phpstorm/bin:/home/antony/app/node/bin:/home/antony/.config/composer/vendor/bin:/home/antony/app/redis/src:/home/antony/app/argouml:/home/antony/app/Wakfu
10 verbose lifecycle exercice3.3@1.0.0~start: CWD: /home/antony/Documents/udemydocker/exercice3.3
11 silly lifecycle exercice3.3@1.0.0~start: Args: [ '-c', 'node app.js' ]
12 silly lifecycle exercice3.3@1.0.0~start: Returned: code: 1  signal: null
13 info lifecycle exercice3.3@1.0.0~start: Failed to exec start script
14 verbose stack Error: exercice3.3@1.0.0 start: `node app.js`
14 verbose stack Exit status 1
14 verbose stack     at EventEmitter.<anonymous> (/home/antony/app/node/lib/node_modules/npm/lib/utils/lifecycle.js:245:16)
14 verbose stack     at emitTwo (events.js:106:13)
14 verbose stack     at EventEmitter.emit (events.js:191:7)
14 verbose stack     at ChildProcess.<anonymous> (/home/antony/app/node/lib/node_modules/npm/lib/utils/spawn.js:24:14)
14 verbose stack     at emitTwo (events.js:106:13)
14 verbose stack     at ChildProcess.emit (events.js:191:7)
14 verbose stack     at maybeClose (internal/child_process.js:852:16)
14 verbose stack     at Process.ChildProcess._handle.onexit (internal/child_process.js:215:5)
15 verbose pkgid exercice3.3@1.0.0
16 verbose cwd /home/antony/Documents/udemydocker/exercice3.3
17 error Linux 4.4.0-79-generic
18 error argv "/home/antony/app/node/bin/node" "/home/antony/app/node/bin/npm" "start"
19 error node v6.2.1
20 error npm  v3.9.3
21 error code ELIFECYCLE
22 error exercice3.3@1.0.0 start: `node app.js`
22 error Exit status 1
23 error Failed at the exercice3.3@1.0.0 start script 'node app.js'.
23 error Make sure you have the latest version of node.js and npm installed.
23 error If you do, this is most likely a problem with the exercice3.3 package,
23 error not with npm itself.
23 error Tell the author that this fails on your system:
23 error     node app.js
23 error You can get information on how to open an issue for this project with:
23 error     npm bugs exercice3.3
23 error Or if that isn't available, you can get their info via:
23 error     npm owner ls exercice3.3
23 error There is likely additional logging output above.
24 verbose exit [ 1, true ]
